<?xml version="1.0" encoding="UTF-8"?>
<!-- Generated by org.testng.reporters.JUnitXMLReporter -->
<testsuite hostname="DESKTOP-B2220QC" ignored="0" name="Default test" tests="4" failures="0" timestamp="2021-10-27T19:15:58 IST" time="0.154" errors="0">
  <testcase name="testD" time="0.011" classname="Demo.NewTestClass"/>
  <testcase name="testA" time="0.002" classname="Demo.NewTestClass"/>
  <testcase name="testB" time="0.013" classname="Demo.NewTestClass"/>
  <testcase name="testC" time="0.002" classname="Demo.NewTestClass"/>
</testsuite> <!-- Default test -->
