<?xml version="1.0" encoding="UTF-8"?>
<!-- Generated by org.testng.reporters.JUnitXMLReporter -->
<testsuite hostname="DESKTOP-B2220QC" ignored="0" name="Test" tests="8" failures="0" timestamp="2021-10-27T19:30:21 IST" time="0.199" errors="0">
  <testcase name="demoD" time="0.016" classname="Demo.TestCaseA"/>
  <testcase name="demoA" time="0.002" classname="Demo.TestCaseA"/>
  <testcase name="demoB" time="0.011" classname="Demo.TestCaseA"/>
  <testcase name="demoC" time="0.002" classname="Demo.TestCaseA"/>
  <testcase name="testD" time="0.002" classname="Demo.NewTestClass"/>
  <testcase name="testA" time="0.002" classname="Demo.NewTestClass"/>
  <testcase name="testB" time="0.006" classname="Demo.NewTestClass"/>
  <testcase name="testC" time="0.002" classname="Demo.NewTestClass"/>
</testsuite> <!-- Test -->
